                   ______________________________________ 
                  |                                      |
                  |      Online Programming Project      |
                  |      GFN1-xTB Semiempirical DFT      |
                  |______________________________________|

 __________________________________________________________________________

                           MOLECULAR STRUCTURE                             
 __________________________________________________________________________

 Positions (Angstrom):

 C     0.000     0.000     0.000
 O     0.000     0.000     1.150

 Positions (Bohr):

 C     0.000     0.000     0.000
 O     0.000     0.000     2.173

 Distances (Bohr):

           1         2
 1  0.000000
 2  2.173185  0.000000

 __________________________________________________________________________

                               BASIS SET                                   
 __________________________________________________________________________

 Total number of electrons:  10
 Occupied orbitals:           5
 Number of basis functions:   8

 __________________________________________________________________________

                          SELF-CONSISTENT FIELD                            
 __________________________________________________________________________

 |   # |  Elec. Energy |       E(1) |       E(2) |       E(3) |         DE |
 ---------------------------------------------------------------------------
 |   1 |   -6.67843216 |  -6.851726 |   0.149166 |   0.024127 | 6.67843216 |
 |   2 |   -6.78812602 |  -6.793066 |   0.004829 |   0.000111 | 0.10969386 |
 |   3 |   -6.79298523 |  -6.820524 |   0.025910 |   0.001629 | 0.00485921 |
 |   4 |   -6.79409677 |  -6.809127 |   0.014384 |   0.000646 | 0.00111154 |
 |   5 |   -6.79429152 |  -6.814229 |   0.018941 |   0.000997 | 0.00019475 |
 |   6 |   -6.79433020 |  -6.812020 |   0.016860 |   0.000830 | 0.00003868 |
 |   7 |   -6.79433747 |  -6.812990 |   0.017752 |   0.000900 | 0.00000727 |
 |   8 |   -6.79433887 |  -6.812567 |   0.017359 |   0.000869 | 0.00000140 |
 |   9 |   -6.79433914 |  -6.812752 |   0.017530 |   0.000883 | 0.00000027 |
 |  10 |   -6.79433919 |  -6.812671 |   0.017455 |   0.000877 | 0.00000005 |
 ---------------------------------------------------------------------------

 ### SCF CONVERGED in 10 steps!

 Orbital Energies:
   #    Hartree          eV
   1  -0.842040  -22.913080
   2  -0.668386  -18.187710
   3  -0.632960  -17.223711
   4  -0.632960  -17.223711
   5  -0.476340  -12.961860
   6  -0.287407   -7.820751
   7  -0.287407   -7.820751
   8   0.852643   23.201608

 1st order Energy:    -6.812671  Hartree
 2nd order Energy:     0.017455  Hartree
 3rd order Energy:     0.000877  Hartree

 Electronic Energy:   -6.794339  Hartree

 __________________________________________________________________________

                                RESULTS                                    
 __________________________________________________________________________

 Repulsion  Energy:    0.062035  Hartree
 Dispersion Energy:          --  Hartree
 Electronic Energy:   -6.794339  Hartree
 Total      Energy:   -6.732304  Hartree

 Mulliken Charges:        

 C  0.292020
 O -0.292020
