                   ______________________________________ 
                  |                                      |
                  |      Online Programming Project      |
                  |      GFN1-xTB Semiempirical DFT      |
                  |______________________________________|

 __________________________________________________________________________

                           MOLECULAR STRUCTURE                             
 __________________________________________________________________________

 Positions (Angstrom):

 O    -0.668     1.159     0.257
 O    -0.887    -2.448    -0.339
 O     1.862    -2.069     0.470
 O     2.861     0.541    -0.462
 O     1.122     2.655     0.257
 O    -3.374     0.972    -0.186
 C    -0.373    -1.247     0.230
 C     1.086    -1.071    -0.194
 C    -1.221    -0.062    -0.237
 C     1.608     0.315     0.184
 C     0.639     1.413    -0.253
 C    -2.655    -0.158     0.274
 H    -0.425    -1.352     1.321
 H     1.207    -1.249    -1.270
 H    -1.255    -0.010    -1.334
 H     1.795     0.360     1.264
 H     0.597     1.514    -1.344
 H    -2.692    -0.153     1.369
 H    -3.156    -1.058    -0.092
 H    -0.851    -2.361    -1.307
 H     1.497    -2.936     0.220
 H     2.716     0.499    -1.423
 H     1.488     2.503     1.145
 H    -2.919     1.765     0.144

 Positions (Bohr):

 O    -1.262     2.190     0.486
 O    -1.676    -4.627    -0.640
 O     3.519    -3.910     0.887
 O     5.406     1.023    -0.873
 O     2.121     5.018     0.486
 O    -6.376     1.836    -0.352
 C    -0.704    -2.356     0.435
 C     2.051    -2.024    -0.367
 C    -2.308    -0.117    -0.449
 C     3.039     0.595     0.348
 C     1.207     2.671    -0.479
 C    -5.017    -0.298     0.518
 H    -0.803    -2.555     2.496
 H     2.280    -2.360    -2.399
 H    -2.371    -0.019    -2.521
 H     3.392     0.680     2.388
 H     1.128     2.861    -2.540
 H    -5.086    -0.290     2.586
 H    -5.965    -2.000    -0.174
 H    -1.609    -4.463    -2.469
 H     2.829    -5.547     0.416
 H     5.133     0.943    -2.689
 H     2.811     4.731     2.163
 H    -5.516     3.336     0.272

 Distances (Bohr):

           1         2         3         4         5         6         7
 1  0.000000
 2  6.920999  0.000000
 3  7.761024  5.462519  0.000000
 4  6.904695  9.062850  5.567689  0.000000
 5  4.409169 10.425750  9.045785  5.347832  0.000000
 6  5.194417  7.996413 11.510136 11.822117  9.111701  0.000000
 7  4.580497  2.693214  4.523047  7.104282  7.896849  7.097200  0.000000
 8  5.427588  4.554729  2.699353  4.560067  7.093127  9.269696  2.889135
 9  2.699673  4.557272  7.079843  7.809233  6.844801  4.514501  2.892162
10  4.589209  7.104872  4.563426  2.697432  4.518645  9.522538  4.768048
11  2.694264  7.847835  7.107854  4.527949  2.697187  7.630275  5.455215
12  4.504437  5.589309  9.276703 10.598558  8.899772  2.675717  4.779701
13  5.173489  3.858316  4.806469  7.918573  8.362515  7.645997  2.072841
14  6.447301  4.887336  3.839676  4.852479  7.923248  9.835153  4.115653
15  3.892138  5.025598  7.839951  8.018295  7.388289  4.917881  4.121076
16  5.250021  7.938494  4.831001  3.847830  4.903913 10.211502  5.460598
17  3.913478  8.218116  7.957440  4.946192  3.846297  7.883137  6.279149
18  5.018517  6.390952  9.489420 11.125899  9.193553  3.849685  5.301085
19  6.332352  5.050784  9.732639 11.786647 10.726129  3.861898  5.307568
20  7.287173  1.837450  6.153789  9.047333 10.607488  8.178250  3.699427
21  8.752666  4.718493  1.837996  7.174472 10.589069 11.826085  4.761349
22  7.248003  9.032424  6.240707  1.837796  5.980068 11.778370  7.397195
23  5.085547 10.749558  8.763311  5.449653  1.836119  9.955693  8.097719
24  4.411190  8.887042 11.598693 11.223503  7.823072  1.837896  7.455540

           8         9        10        11        12        13        14
 8  0.000000
 9  4.758372  0.000000
10  2.888819  5.452374  0.000000
11  4.770917  4.486256  2.888742  0.000000
12  7.329859  2.882586  8.107461  6.967683  0.000000
13  4.076929  4.108200  5.413023  6.340069  5.173846  0.000000
14  2.073008  5.466238  4.105408  5.490288  8.124777  5.788189  0.000000
15  5.312682  2.075984  6.154609  4.920186  4.039359  5.836603  5.208771
16  4.085932  6.416550  2.072435  4.117783  8.670403  5.298852  5.778772
17  5.425768  5.004438  4.138117  2.071265  7.555689  7.643290  5.348480
18  7.916637  4.118545  8.474562  7.600523  2.069477  4.846534  9.132584
19  8.018563  4.122252  9.384792  8.563786  2.066832  5.838042  8.547456
20  4.875162  4.842603  7.424342  7.922954  6.154825  5.379202  4.421737
21  3.692468  7.524814  6.146885  8.424278  9.441303  5.145105  4.288198
22  4.867214  7.842731  3.704671  4.825298 10.717084  8.622626  4.373935
23  7.252437  7.518424  4.521974  3.714522  9.448696  8.139667  8.448212
24  9.295480  4.768746  8.984000  6.798077  3.676110  7.865575 10.018109

          15        16        17        18        19        20        21
15  0.000000
16  7.603228  0.000000
17  4.531569  5.845454  0.000000
18  5.790761  8.536430  8.649800  0.000000
19  4.727273 10.064806  8.917621  3.363492  0.000000
20  4.509281  8.663089  7.818687  7.420096  5.505121  0.000000
21  8.139042  6.556426  9.074032  9.747400  9.501283  5.403589  0.000000
22  7.567831  5.373057  4.444022 11.566601 11.753646  8.644393  7.554345
23  8.447386  4.098277  5.333698  9.367847 11.303734 11.203154 10.425567
24  5.380321  9.534080  7.230209  4.322730  5.372634  9.143168 12.189652

          22        23        24
22  0.000000
23  6.578818  0.000000
24 11.309846  8.652857  0.000000

 __________________________________________________________________________

                               BASIS SET                                   
 __________________________________________________________________________

 Total number of electrons:  72
 Occupied orbitals:          36
 Number of basis functions:  72

 __________________________________________________________________________

                          SELF-CONSISTENT FIELD                            
 __________________________________________________________________________

 |   # |  Elec. Energy |       E(1) |       E(2) |       E(3) |         DE |
 ---------------------------------------------------------------------------
 |   1 |  -47.08625343 | -48.190540 |   1.038324 |   0.065962 | ********** |
 |   2 |  -47.63444209 | -47.995772 |   0.357376 |   0.003954 | 0.54818866 |
 |   3 |  -47.65270751 | -47.935863 |   0.280045 |   0.003110 | 0.01826542 |
 |   4 |  -47.65427876 | -47.923952 |   0.266387 |   0.003285 | 0.00157125 |
 |   5 |  -47.65446379 | -47.919971 |   0.262180 |   0.003327 | 0.00018503 |
 |   6 |  -47.65448889 | -47.918663 |   0.260834 |   0.003341 | 0.00002510 |
 |   7 |  -47.65449287 | -47.918213 |   0.260376 |   0.003343 | 0.00000398 |
 |   8 |  -47.65449359 | -47.918054 |   0.260216 |   0.003344 | 0.00000072 |
 |   9 |  -47.65449374 | -47.917995 |   0.260157 |   0.003344 | 0.00000014 |
 |  10 |  -47.65449377 | -47.917973 |   0.260135 |   0.003344 | 0.00000003 |
 ---------------------------------------------------------------------------

 ### SCF CONVERGED in 10 steps!

 Orbital Energies:
   #    Hartree          eV
   1  -0.818286  -22.266707
   2  -0.807668  -21.977756
   3  -0.795989  -21.659955
   4  -0.792643  -21.568901
   5  -0.788995  -21.469647
   6  -0.777629  -21.160359
   7  -0.716653  -19.501134
   8  -0.711252  -19.354146
   9  -0.689613  -18.765337
  10  -0.682764  -18.578955
  11  -0.674091  -18.342963
  12  -0.665357  -18.105275
  13  -0.653992  -17.796020
  14  -0.640540  -17.429988
  15  -0.634202  -17.257520
  16  -0.632357  -17.207312
  17  -0.621734  -16.918254
  18  -0.609920  -16.596767
  19  -0.600876  -16.350677
  20  -0.596376  -16.228213
  21  -0.590570  -16.070224
  22  -0.579477  -15.768360
  23  -0.566030  -15.402458
  24  -0.559604  -15.227592
  25  -0.554071  -15.077027
  26  -0.550188  -14.971375
  27  -0.544292  -14.810949
  28  -0.533850  -14.526805
  29  -0.520793  -14.171496
  30  -0.515416  -14.025183
  31  -0.504067  -13.716369
  32  -0.495490  -13.482977
  33  -0.485491  -13.210895
  34  -0.471752  -12.837028
  35  -0.462256  -12.578628
  36  -0.452843  -12.322494
  37  -0.169692   -4.617544
  38  -0.145548   -3.960565
  39  -0.127653   -3.473627
  40  -0.124090   -3.376673
  41  -0.114491   -3.115463
  42  -0.105325   -2.866035
  43  -0.099188   -2.699037
  44  -0.097055   -2.640994
  45  -0.089053   -2.423244
  46  -0.081687   -2.222826
  47  -0.075641   -2.058293
  48  -0.063155   -1.718537
  49  -0.022681   -0.617186
  50  -0.000153   -0.004157
  51   0.018510    0.503690
  52   0.039386    1.071745
  53   0.048635    1.323430
  54   0.061558    1.675069
  55   0.090670    2.467250
  56   0.105690    2.875982
  57   0.122960    3.345920
  58   0.153574    4.178965
  59   0.160549    4.368763
  60   0.170990    4.652866
  61   0.236877    6.445747
  62   0.253422    6.895968
  63   0.261490    7.115507
  64   0.279355    7.601638
  65   0.305250    8.306277
  66   0.319923    8.705544
  67   0.336498    9.156578
  68   0.355973    9.686517
  69   0.360361    9.805918
  70   0.370726   10.087978
  71   0.383943   10.447631
  72   0.407529   11.089437

 1st order Energy:   -47.917973  Hartree
 2nd order Energy:     0.260135  Hartree
 3rd order Energy:     0.003344  Hartree

 Electronic Energy:  -47.654494  Hartree

 __________________________________________________________________________

                                RESULTS                                    
 __________________________________________________________________________

 Repulsion  Energy:    0.306302  Hartree
 Dispersion Energy:          --  Hartree
 Electronic Energy:  -47.654494  Hartree
 Total      Energy:  -47.348192  Hartree

 Mulliken Charges:        

 O -0.484458
 O -0.562558
 O -0.558795
 O -0.547219
 O -0.546078
 O -0.564739
 C  0.165866
 C  0.179411
 C  0.169363
 C  0.176052
 C  0.396397
 C  0.197580
 H  0.055795
 H  0.014190
 H  0.023096
 H  0.061003
 H  0.033557
 H  0.027287
 H  0.040293
 H  0.337391
 H  0.348858
 H  0.335246
 H  0.350292
 H  0.352171
