                   ______________________________________ 
                  |                                      |
                  |      Online Programming Project      |
                  |      GFN1-xTB Semiempirical DFT      |
                  |______________________________________|

 __________________________________________________________________________

                           MOLECULAR STRUCTURE                             
 __________________________________________________________________________

 Positions (Angstrom):

 O     0.708     0.000     0.000
 C    -0.708     0.000     0.000
 H    -1.073    -0.769     0.685
 H    -1.073    -0.195    -1.011
 H    -1.063     0.979     0.331
 H     0.994    -0.880    -0.298

 Positions (Bohr):

 O     1.338     0.000     0.000
 C    -1.338     0.000     0.000
 H    -2.028    -1.453     1.295
 H    -2.028    -0.368    -1.911
 H    -2.009     1.849     0.626
 H     1.878    -1.664    -0.563

 Distances (Bohr):

           1         2         3         4         5         6
 1  0.000000
 2  2.675474  0.000000
 3  3.888052  2.065173  0.000000
 4  3.887786  2.064915  3.384632  0.000000
 5  3.874697  2.064555  3.369611  3.369354  0.000000
 6  1.837541  3.663833  4.330218  4.330001  5.372342  0.000000

 __________________________________________________________________________

                               BASIS SET                                   
 __________________________________________________________________________

 Total number of electrons:  14
 Occupied orbitals:           7
 Number of basis functions:  16

 __________________________________________________________________________

                          SELF-CONSISTENT FIELD                            
 __________________________________________________________________________

 |   # |  Elec. Energy |       E(1) |       E(2) |       E(3) |         DE |
 ---------------------------------------------------------------------------
 |   1 |   -8.95940437 |  -9.117749 |   0.154554 |   0.003790 | 8.95940437 |
 |   2 |   -9.02799742 |  -9.095147 |   0.066773 |   0.000377 | 0.06859306 |
 |   3 |   -9.03254939 |  -9.081838 |   0.049085 |   0.000204 | 0.00455196 |
 |   4 |   -9.03282303 |  -9.078645 |   0.045616 |   0.000206 | 0.00027364 |
 |   5 |   -9.03284640 |  -9.077861 |   0.044804 |   0.000210 | 0.00002337 |
 |   6 |   -9.03284931 |  -9.077651 |   0.044590 |   0.000211 | 0.00000291 |
 |   7 |   -9.03284981 |  -9.077590 |   0.044528 |   0.000212 | 0.00000050 |
 |   8 |   -9.03284991 |  -9.077570 |   0.044509 |   0.000212 | 0.00000010 |
 |   9 |   -9.03284994 |  -9.077563 |   0.044502 |   0.000212 | 0.00000002 |
 ---------------------------------------------------------------------------

 ### SCF CONVERGED in  9 steps!

 Orbital Energies:
   #    Hartree          eV
   1  -0.769925  -20.950738
   2  -0.655977  -17.850054
   3  -0.604858  -16.459019
   4  -0.570113  -15.513573
   5  -0.559266  -15.218406
   6  -0.492911  -13.412797
   7  -0.459405  -12.501038
   8  -0.138568   -3.770638
   9  -0.111442   -3.032502
  10  -0.075408   -2.051967
  11  -0.064680   -1.760026
  12   0.112758    3.068307
  13   0.254418    6.923066
  14   0.268068    7.294509
  15   0.367407    9.997664
  16   0.417301   11.355326

 1st order Energy:    -9.077563  Hartree
 2nd order Energy:     0.044502  Hartree
 3rd order Energy:     0.000212  Hartree

 Electronic Energy:   -9.032850  Hartree

 __________________________________________________________________________

                                RESULTS                                    
 __________________________________________________________________________

 Repulsion  Energy:    0.073010  Hartree
 Dispersion Energy:          --  Hartree
 Electronic Energy:   -9.032850  Hartree
 Total      Energy:   -8.959840  Hartree

 Mulliken Charges:        

 O -0.562968
 C  0.173278
 H  0.011061
 H  0.011078
 H  0.032734
 H  0.334816
