                   ______________________________________ 
                  |                                      |
                  |      Online Programming Project      |
                  |      GFN1-xTB Semiempirical DFT      |
                  |______________________________________|

 __________________________________________________________________________

                           MOLECULAR STRUCTURE                             
 __________________________________________________________________________

 Positions (Angstrom):

 C     0.000     0.000     0.000
 H     0.000     0.000     1.089
 H     1.027     0.000    -0.363
 H    -0.513    -0.889    -0.363
 H    -0.513     0.889    -0.363

 Positions (Bohr):

 C     0.000     0.000     0.000
 H     0.000     0.000     2.058
 H     1.940     0.000    -0.686
 H    -0.970    -1.680    -0.686
 H    -0.970     1.680    -0.686

 Distances (Bohr):

           1         2         3         4         5
 1  0.000000
 2  2.057912  0.000000
 3  2.057913  3.360557  0.000000
 4  2.057905  3.360552  3.360554  0.000000
 5  2.057905  3.360552  3.360554  3.360538  0.000000

 __________________________________________________________________________

                               BASIS SET                                   
 __________________________________________________________________________

 Total number of electrons:   8
 Occupied orbitals:           4
 Number of basis functions:  12

 __________________________________________________________________________

                          SELF-CONSISTENT FIELD                            
 __________________________________________________________________________

 |   # |  Elec. Energy |       E(1) |       E(2) |       E(3) |         DE |
 ---------------------------------------------------------------------------
 |   1 |   -4.34052071 |  -4.340742 |   0.000366 |  -0.000144 | 4.34052071 |
 |   2 |   -4.34059808 |  -4.340709 |   0.000200 |  -0.000089 | 0.00007737 |
 |   3 |   -4.34060099 |  -4.340694 |   0.000173 |  -0.000080 | 0.00000291 |
 |   4 |   -4.34060108 |  -4.340691 |   0.000168 |  -0.000078 | 0.00000009 |
 ---------------------------------------------------------------------------

 ### SCF CONVERGED in  4 steps!

 Orbital Energies:
   #    Hartree          eV
   1  -0.626413  -17.045563
   2  -0.512476  -13.945194
   3  -0.512476  -13.945183
   4  -0.512476  -13.945182
   5  -0.145560   -3.960897
   6  -0.059069   -1.607346
   7  -0.059069   -1.607344
   8  -0.059069   -1.607336
   9   0.269739    7.339966
  10   0.269744    7.340114
  11   0.269744    7.340117
  12   0.515450   14.026120

 1st order Energy:    -4.340691  Hartree
 2nd order Energy:     0.000168  Hartree
 3rd order Energy:    -0.000078  Hartree

 Electronic Energy:   -4.340601  Hartree

 __________________________________________________________________________

                                RESULTS                                    
 __________________________________________________________________________

 Repulsion  Energy:    0.066806  Hartree
 Dispersion Energy:          --  Hartree
 Electronic Energy:   -4.340601  Hartree
 Total      Energy:   -4.273795  Hartree

 Mulliken Charges:        

 C -0.117344
 H  0.029336
 H  0.029336
 H  0.029336
 H  0.029336
