                   ______________________________________ 
                  |                                      |
                  |      Online Programming Project      |
                  |      GFN1-xTB Semiempirical DFT      |
                  |______________________________________|

 __________________________________________________________________________

                           MOLECULAR STRUCTURE                             
 __________________________________________________________________________

 Positions (Angstrom):

 N     0.604    -1.391    -0.147
 C     0.480    -0.016     0.337
 C    -0.760     0.675    -0.251
 C     1.746     0.753    -0.036
 C    -2.070    -0.022     0.097
 H     0.395    -0.037     1.430
 H    -0.807     1.705     0.125
 H    -0.675     0.744    -1.343
 H     1.696     1.783     0.333
 H     1.889     0.793    -1.122
 H     2.635     0.288     0.405
 H    -2.143    -1.006    -0.376
 H    -2.173    -0.146     1.179
 H    -2.916     0.576    -0.257
 H    -0.176    -1.950     0.195
 H     1.446    -1.816     0.239

 Positions (Bohr):

 N     1.141    -2.628    -0.277
 C     0.907    -0.030     0.637
 C    -1.437     1.276    -0.474
 C     3.300     1.424    -0.069
 C    -3.912    -0.041     0.183
 H     0.747    -0.071     2.703
 H    -1.524     3.222     0.236
 H    -1.276     1.405    -2.538
 H     3.205     3.370     0.630
 H     3.569     1.498    -2.121
 H     4.979     0.544     0.765
 H    -4.049    -1.900    -0.711
 H    -4.106    -0.277     2.229
 H    -5.511     1.089    -0.485
 H    -0.332    -3.686     0.369
 H     2.732    -3.432     0.452

 Distances (Bohr):

           1         2         3         4         5         6         7
 1  0.000000
 2  2.764371  0.000000
 3  4.682585  2.904475  0.000000
 4  4.596172  2.887739  4.757138  0.000000
 5  5.695086  4.840181  2.878894  7.363492  0.000000
 6  3.947134  2.072482  4.083515  4.054398  5.296279  0.000000
 7  6.449067  4.080118  2.073465  5.157863  4.043252  4.699115  0.000000
 8  5.217064  4.111637  2.073884  5.199974  4.054283  5.808011  3.325199
 9  6.407630  4.103231  5.210501  2.069928  7.903968  4.709103  4.747512
10  5.130112  4.126344  5.274868  2.070899  7.977197  5.804880  5.871224
11  5.087488  4.114412  6.575838  2.070612  8.929166  4.695974  7.053166
12  5.259170  5.466599  4.119194  8.092098  2.067440  6.164661  5.788737
13  6.272555  5.265964  4.103646  7.939205  2.068562  4.880487  4.783016
14  7.623010  6.611113  4.078368  8.827775  2.069011  7.118036  4.578859
15  1.925277  3.869474  5.152349  6.284511  5.111624  4.436462  7.010833
16  1.926376  3.865209  6.356655  4.916864  7.464076  4.506486  7.901952

           8         9        10        11        12        13        14
 8  0.000000
 9  5.828431  0.000000
10  4.864027  3.347303  0.000000
11  7.125812  3.339573  3.350261  0.000000
12  4.685569  9.066013  8.460464  9.469547  0.000000
13  5.792773  8.324897  8.998974  9.239559  3.358309  0.000000
14  4.716977  9.078057  9.235613 10.578780  3.334902  3.346791  0.000000
15  5.937360  7.896739  6.948995  6.801711  4.262533  5.415083  7.095282
16  6.957426  6.820769  5.623879  4.578111  7.049139  7.738087  9.448306

          15        16
15  0.000000
16  3.076168  0.000000

 __________________________________________________________________________

                               BASIS SET                                   
 __________________________________________________________________________

 Total number of electrons:  32
 Occupied orbitals:          16
 Number of basis functions:  42

 __________________________________________________________________________

                          SELF-CONSISTENT FIELD                            
 __________________________________________________________________________

 |   # |  Elec. Energy |       E(1) |       E(2) |       E(3) |         DE |
 ---------------------------------------------------------------------------
 |   1 |  -17.79745499 | -17.861960 |   0.064569 |  -0.000064 | ********** |
 |   2 |  -17.82469010 | -17.852997 |   0.028583 |  -0.000276 | 0.02723511 |
 |   3 |  -17.82648879 | -17.848254 |   0.021954 |  -0.000189 | 0.00179869 |
 |   4 |  -17.82664340 | -17.846787 |   0.020309 |  -0.000166 | 0.00015462 |
 |   5 |  -17.82665963 | -17.846344 |   0.019844 |  -0.000159 | 0.00001622 |
 |   6 |  -17.82666176 | -17.846208 |   0.019703 |  -0.000157 | 0.00000213 |
 |   7 |  -17.82666210 | -17.846164 |   0.019659 |  -0.000157 | 0.00000034 |
 |   8 |  -17.82666217 | -17.846149 |   0.019643 |  -0.000156 | 0.00000006 |
 ---------------------------------------------------------------------------

 ### SCF CONVERGED in  8 steps!

 Orbital Energies:
   #    Hartree          eV
   1  -0.742696  -20.209789
   2  -0.650937  -17.712902
   3  -0.638595  -17.377066
   4  -0.610618  -16.615774
   5  -0.592356  -16.118819
   6  -0.561886  -15.289706
   7  -0.553122  -15.051206
   8  -0.531478  -14.462243
   9  -0.525741  -14.306144
  10  -0.515370  -14.023932
  11  -0.495132  -13.473223
  12  -0.492314  -13.396552
  13  -0.474660  -12.916164
  14  -0.472126  -12.847201
  15  -0.464583  -12.641945
  16  -0.397455  -10.815292
  17  -0.132969   -3.618281
  18  -0.113647   -3.092502
  19  -0.111477   -3.033453
  20  -0.095627   -2.602133
  21  -0.087379   -2.377703
  22  -0.069470   -1.890388
  23  -0.060140   -1.636492
  24  -0.055251   -1.503468
  25  -0.042377   -1.153144
  26  -0.030468   -0.829086
  27  -0.019720   -0.536602
  28   0.066159    1.800280
  29   0.090507    2.462816
  30   0.096056    2.613825
  31   0.161686    4.399692
  32   0.213184    5.801026
  33   0.246377    6.704268
  34   0.262254    7.136286
  35   0.277375    7.547767
  36   0.282144    7.677526
  37   0.303693    8.263914
  38   0.363634    9.894975
  39   0.386534   10.518121
  40   0.441658   12.018139
  41   0.461802   12.566283
  42   0.542711   14.767913

 1st order Energy:   -17.846149  Hartree
 2nd order Energy:     0.019643  Hartree
 3rd order Energy:    -0.000156  Hartree

 Electronic Energy:  -17.826662  Hartree

 __________________________________________________________________________

                                RESULTS                                    
 __________________________________________________________________________

 Repulsion  Energy:    0.223911  Hartree
 Dispersion Energy:          --  Hartree
 Electronic Energy:  -17.826662  Hartree
 Total      Energy:  -17.602751  Hartree

 Mulliken Charges:        

 N -0.499421
 C  0.128560
 C -0.049953
 C -0.093938
 C -0.080626
 H  0.004301
 H  0.019678
 H  0.028554
 H  0.024184
 H  0.033155
 H  0.027901
 H  0.028836
 H  0.022639
 H  0.027193
 H  0.189500
 H  0.189438
