                   ______________________________________ 
                  |                                      |
                  |      Online Programming Project      |
                  |      GFN1-xTB Semiempirical DFT      |
                  |______________________________________|

 __________________________________________________________________________

                           MOLECULAR STRUCTURE                             
 __________________________________________________________________________

 Positions (Angstrom):

 O     0.000     0.000     0.000
 H     1.000     0.000     0.000
 H     0.000     1.000     0.000

 Positions (Bohr):

 O     0.000     0.000     0.000
 H     1.890     0.000     0.000
 H     0.000     1.890     0.000

 Distances (Bohr):

           1         2         3
 1  0.000000
 2  1.889726  0.000000
 3  1.889726  2.672476  0.000000

 __________________________________________________________________________

                               BASIS SET                                   
 __________________________________________________________________________

 Total number of electrons:   8
 Occupied orbitals:           4
 Number of basis functions:   8

 __________________________________________________________________________

                          SELF-CONSISTENT FIELD                            
 __________________________________________________________________________

 |   # |  Elec. Energy |       E(1) |       E(2) |       E(3) |         DE |
 ---------------------------------------------------------------------------
 |   1 |   -5.72429405 |  -5.877312 |   0.152775 |   0.000244 | 5.72429405 |
 |   2 |   -5.77962128 |  -5.859981 |   0.080269 |   0.000091 | 0.05532723 |
 |   3 |   -5.78602463 |  -5.845771 |   0.059688 |   0.000058 | 0.00640335 |
 |   4 |   -5.78658713 |  -5.840712 |   0.054075 |   0.000050 | 0.00056250 |
 |   5 |   -5.78663255 |  -5.839204 |   0.052523 |   0.000048 | 0.00004542 |
 |   6 |   -5.78663614 |  -5.838774 |   0.052091 |   0.000047 | 0.00000358 |
 |   7 |   -5.78663642 |  -5.838654 |   0.051970 |   0.000047 | 0.00000028 |
 |   8 |   -5.78663644 |  -5.838620 |   0.051936 |   0.000047 | 0.00000002 |
 ---------------------------------------------------------------------------

 ### SCF CONVERGED in  8 steps!

 Orbital Energies:
   #    Hartree          eV
   1  -0.756760  -20.592477
   2  -0.596919  -16.242991
   3  -0.562393  -15.303504
   4  -0.499874  -13.602264
   5  -0.172942   -4.705998
   6  -0.057968   -1.577398
   7   0.204988    5.578018
   8   0.399425   10.868907

 1st order Energy:    -5.838620  Hartree
 2nd order Energy:     0.051936  Hartree
 3rd order Energy:     0.000047  Hartree

 Electronic Energy:   -5.786636  Hartree

 __________________________________________________________________________

                                RESULTS                                    
 __________________________________________________________________________

 Repulsion  Energy:    0.025840  Hartree
 Dispersion Energy:          --  Hartree
 Electronic Energy:   -5.786636  Hartree
 Total      Energy:   -5.760797  Hartree

 Mulliken Charges:        

 O -0.651146
 H  0.325573
 H  0.325573
